#
# There is insufficient memory for the Java Runtime Environment to continue.
# Native memory allocation (mmap) failed to map 390070272 bytes. Error detail: G1 virtual space
# Possible reasons:
#   The system is out of physical RAM or swap space
#   This process is running with CompressedOops enabled, and the Java Heap may be blocking the growth of the native heap
# Possible solutions:
#   Reduce memory load on the system
#   Increase physical memory or swap space
#   Check if swap backing store is full
#   Decrease Java heap size (-Xmx/-Xms)
#   Decrease number of Java threads
#   Decrease Java thread stack sizes (-Xss)
#   Set larger code cache with -XX:ReservedCodeCacheSize=
#   JVM is running with Unscaled Compressed Oops mode in which the Java heap is
#     placed in the first 4GB address space. The Java Heap base address is the
#     maximum limit for the native heap growth. Please use -XX:HeapBaseMinAddress
#     to set the Java Heap base and to place the Java Heap above 4GB virtual address.
# This output file may be truncated or incomplete.
#
#  Out of Memory Error (os_windows.cpp:3710), pid=20020, tid=20220
#
# JRE version: OpenJDK Runtime Environment Microsoft-11369865 (17.0.15+6) (build 17.0.15+6-LTS)
# Java VM: OpenJDK 64-Bit Server VM Microsoft-11369865 (17.0.15+6-LTS, mixed mode, sharing, tiered, compressed oops, compressed class ptrs, g1 gc, windows-amd64)
# No core dump will be written. Minidumps are not enabled by default on client versions of Windows
#

---------------  S U M M A R Y ------------

Command Line: org.jetbrains.kotlin.cli.jvm.K2JVMCompiler @C:\Users\user_01\AndroidStudioProjects\Tracker\app\build\20250626_6239463970653866513.compiler.options

Host: 12th Gen Intel(R) Core(TM) i3-12100F, 8 cores, 7G,  Windows 10 , 64 bit Build 19041 (10.0.19041.5915)
Time: Thu Jun 26 23:43:15 2025 RTZ 2 (s 10 , 64 bit Build 19041 (10.0.19041.5915) elapsed time: 15.852776 seconds (0d 0h 0m 15s)

---------------  T H R E A D  ---------------

Current thread (0x000001abe01ea260):  VMThread "VM Thread" [stack: 0x00000061f2d00000,0x00000061f2e00000] [id=20220]

Stack: [0x00000061f2d00000,0x00000061f2e00000]
Native frames: (J=compiled Java code, j=interpreted, Vv=VM code, C=native code)
V  [jvm.dll+0x6887a9]
V  [jvm.dll+0x83f5a8]
V  [jvm.dll+0x841053]
V  [jvm.dll+0x8416c3]
V  [jvm.dll+0x2496ef]
V  [jvm.dll+0x6856e9]
V  [jvm.dll+0x679b7a]
V  [jvm.dll+0x30b0d7]
V  [jvm.dll+0x312646]
V  [jvm.dll+0x36300e]
V  [jvm.dll+0x36324d]
V  [jvm.dll+0x2e236c]
V  [jvm.dll+0x2e0719]
V  [jvm.dll+0x2dfe7c]
V  [jvm.dll+0x322a2b]
V  [jvm.dll+0x845efd]
V  [jvm.dll+0x846c33]
V  [jvm.dll+0x84715f]
V  [jvm.dll+0x847544]
V  [jvm.dll+0x84760e]
V  [jvm.dll+0x7ef2dc]
V  [jvm.dll+0x687687]
C  [ucrtbase.dll+0x21bb2]
C  [KERNEL32.DLL+0x17374]
C  [ntdll.dll+0x4cc91]

VM_Operation (0x00000061f27f6b20): G1CollectForAllocation, mode: safepoint, requested by thread 0x000001abc1eaad10


---------------  P R O C E S S  ---------------

Threads class SMR info:
_java_thread_list=0x000001ac265e54b0, length=12, elements={
0x000001abc1eaad10, 0x000001abe01efd00, 0x000001abe01f0b80, 0x000001abe0206630,
0x000001abe020a020, 0x000001abe020e600, 0x000001abe020ebd0, 0x000001abe02144f0,
0x000001abe0214bb0, 0x000001abe0221c70, 0x000001abe0350cd0, 0x000001abe0359c90
}

Java Threads: ( => current thread )
  0x000001abc1eaad10 JavaThread "main" [_thread_blocked, id=13480, stack(0x00000061f2700000,0x00000061f2800000)]
  0x000001abe01efd00 JavaThread "Reference Handler" daemon [_thread_blocked, id=16852, stack(0x00000061f2e00000,0x00000061f2f00000)]
  0x000001abe01f0b80 JavaThread "Finalizer" daemon [_thread_blocked, id=7736, stack(0x00000061f2f00000,0x00000061f3000000)]
  0x000001abe0206630 JavaThread "Signal Dispatcher" daemon [_thread_blocked, id=16864, stack(0x00000061f3000000,0x00000061f3100000)]
  0x000001abe020a020 JavaThread "Attach Listener" daemon [_thread_blocked, id=19540, stack(0x00000061f3100000,0x00000061f3200000)]
  0x000001abe020e600 JavaThread "Service Thread" daemon [_thread_blocked, id=3132, stack(0x00000061f3200000,0x00000061f3300000)]
  0x000001abe020ebd0 JavaThread "Monitor Deflation Thread" daemon [_thread_blocked, id=19928, stack(0x00000061f3300000,0x00000061f3400000)]
  0x000001abe02144f0 JavaThread "C2 CompilerThread0" daemon [_thread_blocked, id=20244, stack(0x00000061f3400000,0x00000061f3500000)]
  0x000001abe0214bb0 JavaThread "C1 CompilerThread0" daemon [_thread_blocked, id=264, stack(0x00000061f3500000,0x00000061f3600000)]
  0x000001abe0221c70 JavaThread "Sweeper thread" daemon [_thread_blocked, id=17552, stack(0x00000061f3600000,0x00000061f3700000)]
  0x000001abe0350cd0 JavaThread "Notification Thread" daemon [_thread_blocked, id=6432, stack(0x00000061f3700000,0x00000061f3800000)]
  0x000001abe0359c90 JavaThread "Common-Cleaner" daemon [_thread_blocked, id=17396, stack(0x00000061f3900000,0x00000061f3a00000)]

Other Threads:
=>0x000001abe01ea260 VMThread "VM Thread" [stack: 0x00000061f2d00000,0x00000061f2e00000] [id=20220]
  0x000001abe03571d0 WatcherThread [stack: 0x00000061f3800000,0x00000061f3900000] [id=20300]
  0x000001abc1f04910 GCTaskThread "GC Thread#0" [stack: 0x00000061f2800000,0x00000061f2900000] [id=18808]
  0x000001abe08ca0c0 GCTaskThread "GC Thread#1" [stack: 0x00000061f3a00000,0x00000061f3b00000] [id=10736]
  0x000001abe08be650 GCTaskThread "GC Thread#2" [stack: 0x00000061f3b00000,0x00000061f3c00000] [id=10308]
  0x000001abe08d9eb0 GCTaskThread "GC Thread#3" [stack: 0x00000061f3c00000,0x00000061f3d00000] [id=4512]
  0x000001abe08eca30 GCTaskThread "GC Thread#4" [stack: 0x00000061f3d00000,0x00000061f3e00000] [id=14268]
  0x000001abe0d5ea90 GCTaskThread "GC Thread#5" [stack: 0x00000061f3f00000,0x00000061f4000000] [id=19860]
  0x000001abe0b6f850 GCTaskThread "GC Thread#6" [stack: 0x00000061f4000000,0x00000061f4100000] [id=5724]
  0x000001abe0e67d90 GCTaskThread "GC Thread#7" [stack: 0x00000061f4100000,0x00000061f4200000] [id=3940]
  0x000001abc1f167b0 ConcurrentGCThread "G1 Main Marker" [stack: 0x00000061f2900000,0x00000061f2a00000] [id=19544]
  0x000001abc1f171d0 ConcurrentGCThread "G1 Conc#0" [stack: 0x00000061f2a00000,0x00000061f2b00000] [id=572]
  0x000001ac27463db0 ConcurrentGCThread "G1 Conc#1" [stack: 0x00000061f4200000,0x00000061f4300000] [id=17724]
  0x000001abc1f6d5a0 ConcurrentGCThread "G1 Refine#0" [stack: 0x00000061f2b00000,0x00000061f2c00000] [id=17636]
  0x000001ac276ff870 ConcurrentGCThread "G1 Refine#1" [stack: 0x00000061f3e00000,0x00000061f3f00000] [id=15836]
  0x000001abc1f6dfd0 ConcurrentGCThread "G1 Service" [stack: 0x00000061f2c00000,0x00000061f2d00000] [id=18888]

Threads with active compile tasks:
C2 CompilerThread0    28506 15272       4       org.jetbrains.kotlin.ir.util.DeepCopyTypeRemapper::remapType (352 bytes)
C1 CompilerThread0    28506 15658       3       org.jetbrains.kotlin.ir.util.DeepCopyIrTreeWithSymbols::visitComposite (247 bytes)

VM state: at safepoint (normal execution)

VM Mutex/Monitor currently owned by a thread:  ([mutex/lock_event])
[0x000001abc1ea8270] Threads_lock - owner thread: 0x000001abe01ea260
[0x000001abc1ea8150] Heap_lock - owner thread: 0x000001abc1eaad10

Heap address: 0x0000000082600000, size: 2010 MB, Compressed Oops mode: 32-bit

CDS archive(s) mapped at: [0x000001abe1000000-0x000001abe1bb0000-0x000001abe1bb0000), size 12255232, SharedBaseAddress: 0x000001abe1000000, ArchiveRelocationMode: 1.
Compressed class space mapped at: 0x000001abe2000000-0x000001ac22000000, reserved size: 1073741824
Narrow klass base: 0x000001abe1000000, Narrow klass shift: 0, Narrow klass range: 0x100000000

GC Precious Log:
 CPUs: 8 total, 8 available
 Memory: 8035M
 Large Page Support: Disabled
 NUMA Support: Disabled
 Compressed Oops: Enabled (32-bit)
 Heap Region Size: 1M
 Heap Min Capacity: 8M
 Heap Initial Capacity: 126M
 Heap Max Capacity: 2010M
 Pre-touch: Disabled
 Parallel Workers: 8
 Concurrent Workers: 2
 Concurrent Refinement Workers: 8
 Periodic GC: Disabled

Heap:
 garbage-first heap   total 209920K, used 133340K [0x0000000082600000, 0x0000000100000000)
  region size 1024K, 7 young (7168K), 7 survivors (7168K)
 Metaspace       used 68340K, committed 68672K, reserved 1114112K
  class space    used 7289K, committed 7424K, reserved 1048576K

Heap Regions: E=young(eden), S=young(survivor), O=old, HS=humongous(starts), HC=humongous(continues), CS=collection set, F=free, OA=open archive, CA=closed archive, TAMS=top-at-mark-start (previous, next)
|   0|0x0000000082600000, 0x0000000082700000, 0x0000000082700000|100%|HS|  |TAMS 0x0000000082700000, 0x0000000082600000| Complete 
|   1|0x0000000082700000, 0x0000000082800000, 0x0000000082800000|100%|HC|  |TAMS 0x0000000082800000, 0x0000000082700000| Complete 
|   2|0x0000000082800000, 0x0000000082900000, 0x0000000082900000|100%|HC|  |TAMS 0x0000000082900000, 0x0000000082800000| Complete 
|   3|0x0000000082900000, 0x0000000082a00000, 0x0000000082a00000|100%| O|  |TAMS 0x0000000082a00000, 0x0000000082900000| Untracked 
|   4|0x0000000082a00000, 0x0000000082b00000, 0x0000000082b00000|100%| O|  |TAMS 0x0000000082b00000, 0x0000000082a00000| Untracked 
|   5|0x0000000082b00000, 0x0000000082c00000, 0x0000000082c00000|100%| O|  |TAMS 0x0000000082c00000, 0x0000000082b00000| Untracked 
|   6|0x0000000082c00000, 0x0000000082d00000, 0x0000000082d00000|100%| O|  |TAMS 0x0000000082d00000, 0x0000000082c00000| Untracked 
|   7|0x0000000082d00000, 0x0000000082e00000, 0x0000000082e00000|100%| O|  |TAMS 0x0000000082e00000, 0x0000000082d00000| Untracked 
|   8|0x0000000082e00000, 0x0000000082f00000, 0x0000000082f00000|100%| O|  |TAMS 0x0000000082f00000, 0x0000000082e00000| Untracked 
|   9|0x0000000082f00000, 0x0000000083000000, 0x0000000083000000|100%| O|  |TAMS 0x0000000083000000, 0x0000000082f00000| Untracked 
|  10|0x0000000083000000, 0x0000000083100000, 0x0000000083100000|100%| O|  |TAMS 0x0000000083100000, 0x0000000083000000| Untracked 
|  11|0x0000000083100000, 0x0000000083200000, 0x0000000083200000|100%| O|  |TAMS 0x0000000083200000, 0x0000000083100000| Untracked 
|  12|0x0000000083200000, 0x0000000083300000, 0x0000000083300000|100%| O|  |TAMS 0x0000000083300000, 0x0000000083200000| Untracked 
|  13|0x0000000083300000, 0x0000000083400000, 0x0000000083400000|100%| O|  |TAMS 0x0000000083400000, 0x0000000083300000| Untracked 
|  14|0x0000000083400000, 0x0000000083500000, 0x0000000083500000|100%| O|  |TAMS 0x0000000083500000, 0x0000000083400000| Untracked 
|  15|0x0000000083500000, 0x0000000083600000, 0x0000000083600000|100%| O|  |TAMS 0x0000000083600000, 0x0000000083500000| Untracked 
|  16|0x0000000083600000, 0x0000000083700000, 0x0000000083700000|100%| O|  |TAMS 0x0000000083700000, 0x0000000083600000| Untracked 
|  17|0x0000000083700000, 0x0000000083800000, 0x0000000083800000|100%| O|  |TAMS 0x0000000083800000, 0x0000000083700000| Untracked 
|  18|0x0000000083800000, 0x0000000083900000, 0x0000000083900000|100%| O|  |TAMS 0x0000000083900000, 0x0000000083800000| Untracked 
|  19|0x0000000083900000, 0x0000000083a00000, 0x0000000083a00000|100%| O|  |TAMS 0x0000000083a00000, 0x0000000083900000| Untracked 
|  20|0x0000000083a00000, 0x0000000083b00000, 0x0000000083b00000|100%| O|  |TAMS 0x0000000083b00000, 0x0000000083a00000| Untracked 
|  21|0x0000000083b00000, 0x0000000083c00000, 0x0000000083c00000|100%| O|  |TAMS 0x0000000083c00000, 0x0000000083b00000| Untracked 
|  22|0x0000000083c00000, 0x0000000083d00000, 0x0000000083d00000|100%| O|  |TAMS 0x0000000083d00000, 0x0000000083c00000| Untracked 
|  23|0x0000000083d00000, 0x0000000083e00000, 0x0000000083e00000|100%| O|  |TAMS 0x0000000083e00000, 0x0000000083d00000| Untracked 
|  24|0x0000000083e00000, 0x0000000083f00000, 0x0000000083f00000|100%| O|  |TAMS 0x0000000083f00000, 0x0000000083e00000| Untracked 
|  25|0x0000000083f00000, 0x0000000084000000, 0x0000000084000000|100%| O|  |TAMS 0x0000000084000000, 0x0000000083f00000| Untracked 
|  26|0x0000000084000000, 0x0000000084100000, 0x0000000084100000|100%| O|  |TAMS 0x0000000084100000, 0x0000000084000000| Untracked 
|  27|0x0000000084100000, 0x0000000084200000, 0x0000000084200000|100%| O|  |TAMS 0x0000000084200000, 0x0000000084100000| Untracked 
|  28|0x0000000084200000, 0x0000000084300000, 0x0000000084300000|100%| O|  |TAMS 0x0000000084300000, 0x0000000084200000| Untracked 
|  29|0x0000000084300000, 0x0000000084400000, 0x0000000084400000|100%| O|  |TAMS 0x0000000084400000, 0x0000000084300000| Untracked 
|  30|0x0000000084400000, 0x0000000084500000, 0x0000000084500000|100%| O|  |TAMS 0x0000000084500000, 0x0000000084400000| Untracked 
|  31|0x0000000084500000, 0x0000000084600000, 0x0000000084600000|100%| O|  |TAMS 0x0000000084600000, 0x0000000084500000| Untracked 
|  32|0x0000000084600000, 0x0000000084700000, 0x0000000084700000|100%| O|  |TAMS 0x0000000084700000, 0x0000000084600000| Untracked 
|  33|0x0000000084700000, 0x0000000084800000, 0x0000000084800000|100%| O|  |TAMS 0x0000000084800000, 0x0000000084700000| Untracked 
|  34|0x0000000084800000, 0x0000000084900000, 0x0000000084900000|100%| O|  |TAMS 0x0000000084900000, 0x0000000084800000| Untracked 
|  35|0x0000000084900000, 0x0000000084a00000, 0x0000000084a00000|100%| O|  |TAMS 0x0000000084a00000, 0x0000000084900000| Untracked 
|  36|0x0000000084a00000, 0x0000000084b00000, 0x0000000084b00000|100%| O|  |TAMS 0x0000000084b00000, 0x0000000084a00000| Untracked 
|  37|0x0000000084b00000, 0x0000000084c00000, 0x0000000084c00000|100%| O|  |TAMS 0x0000000084c00000, 0x0000000084b00000| Untracked 
|  38|0x0000000084c00000, 0x0000000084d00000, 0x0000000084d00000|100%| O|  |TAMS 0x0000000084d00000, 0x0000000084c00000| Untracked 
|  39|0x0000000084d00000, 0x0000000084e00000, 0x0000000084e00000|100%| O|  |TAMS 0x0000000084e00000, 0x0000000084d00000| Untracked 
|  40|0x0000000084e00000, 0x0000000084f00000, 0x0000000084f00000|100%| O|  |TAMS 0x0000000084f00000, 0x0000000084e00000| Untracked 
|  41|0x0000000084f00000, 0x0000000085000000, 0x0000000085000000|100%| O|  |TAMS 0x0000000085000000, 0x0000000084f00000| Untracked 
|  42|0x0000000085000000, 0x0000000085100000, 0x0000000085100000|100%| O|  |TAMS 0x0000000085100000, 0x0000000085000000| Untracked 
|  43|0x0000000085100000, 0x0000000085200000, 0x0000000085200000|100%| O|  |TAMS 0x0000000085200000, 0x0000000085100000| Untracked 
|  44|0x0000000085200000, 0x0000000085300000, 0x0000000085300000|100%| O|  |TAMS 0x0000000085300000, 0x0000000085200000| Untracked 
|  45|0x0000000085300000, 0x0000000085400000, 0x0000000085400000|100%| O|  |TAMS 0x0000000085400000, 0x0000000085300000| Untracked 
|  46|0x0000000085400000, 0x0000000085500000, 0x0000000085500000|100%| O|  |TAMS 0x0000000085500000, 0x0000000085400000| Untracked 
|  47|0x0000000085500000, 0x0000000085600000, 0x0000000085600000|100%| O|  |TAMS 0x0000000085500000, 0x0000000085500000| Untracked 
|  48|0x0000000085600000, 0x0000000085700000, 0x0000000085700000|100%| O|  |TAMS 0x0000000085700000, 0x0000000085600000| Untracked 
|  49|0x0000000085700000, 0x0000000085800000, 0x0000000085800000|100%| O|  |TAMS 0x0000000085800000, 0x0000000085700000| Untracked 
|  50|0x0000000085800000, 0x0000000085900000, 0x0000000085900000|100%| O|  |TAMS 0x0000000085900000, 0x0000000085800000| Untracked 
|  51|0x0000000085900000, 0x0000000085a00000, 0x0000000085a00000|100%| O|  |TAMS 0x0000000085a00000, 0x0000000085900000| Untracked 
|  52|0x0000000085a00000, 0x0000000085b00000, 0x0000000085b00000|100%| O|  |TAMS 0x0000000085b00000, 0x0000000085a00000| Untracked 
|  53|0x0000000085b00000, 0x0000000085c00000, 0x0000000085c00000|100%| O|  |TAMS 0x0000000085c00000, 0x0000000085b00000| Untracked 
|  54|0x0000000085c00000, 0x0000000085d00000, 0x0000000085d00000|100%| O|  |TAMS 0x0000000085d00000, 0x0000000085c00000| Untracked 
|  55|0x0000000085d00000, 0x0000000085e00000, 0x0000000085e00000|100%| O|  |TAMS 0x0000000085e00000, 0x0000000085d00000| Untracked 
|  56|0x0000000085e00000, 0x0000000085f00000, 0x0000000085f00000|100%| O|  |TAMS 0x0000000085f00000, 0x0000000085e00000| Untracked 
|  57|0x0000000085f00000, 0x0000000086000000, 0x0000000086000000|100%| O|  |TAMS 0x0000000086000000, 0x0000000085f00000| Untracked 
|  58|0x0000000086000000, 0x0000000086100000, 0x0000000086100000|100%| O|  |TAMS 0x0000000086100000, 0x0000000086000000| Untracked 
|  59|0x0000000086100000, 0x0000000086200000, 0x0000000086200000|100%| O|  |TAMS 0x0000000086200000, 0x0000000086100000| Untracked 
|  60|0x0000000086200000, 0x0000000086300000, 0x0000000086300000|100%| O|  |TAMS 0x0000000086300000, 0x0000000086200000| Untracked 
|  61|0x0000000086300000, 0x0000000086400000, 0x0000000086400000|100%| O|  |TAMS 0x0000000086400000, 0x0000000086300000| Untracked 
|  62|0x0000000086400000, 0x0000000086500000, 0x0000000086500000|100%| O|  |TAMS 0x0000000086500000, 0x0000000086400000| Untracked 
|  63|0x0000000086500000, 0x0000000086600000, 0x0000000086600000|100%| O|  |TAMS 0x0000000086600000, 0x0000000086500000| Untracked 
|  64|0x0000000086600000, 0x0000000086700000, 0x0000000086700000|100%| O|  |TAMS 0x0000000086700000, 0x0000000086600000| Untracked 
|  65|0x0000000086700000, 0x0000000086800000, 0x0000000086800000|100%| O|  |TAMS 0x0000000086800000, 0x0000000086700000| Untracked 
|  66|0x0000000086800000, 0x0000000086900000, 0x0000000086900000|100%| O|  |TAMS 0x0000000086900000, 0x0000000086800000| Untracked 
|  67|0x0000000086900000, 0x0000000086a00000, 0x0000000086a00000|100%| O|  |TAMS 0x0000000086a00000, 0x0000000086900000| Untracked 
|  68|0x0000000086a00000, 0x0000000086b00000, 0x0000000086b00000|100%| O|  |TAMS 0x0000000086b00000, 0x0000000086a00000| Untracked 
|  69|0x0000000086b00000, 0x0000000086c00000, 0x0000000086c00000|100%| O|  |TAMS 0x0000000086c00000, 0x0000000086b00000| Untracked 
|  70|0x0000000086c00000, 0x0000000086d00000, 0x0000000086d00000|100%| O|  |TAMS 0x0000000086d00000, 0x0000000086c00000| Untracked 
|  71|0x0000000086d00000, 0x0000000086e00000, 0x0000000086e00000|100%| O|  |TAMS 0x0000000086e00000, 0x0000000086d00000| Untracked 
|  72|0x0000000086e00000, 0x0000000086f00000, 0x0000000086f00000|100%| O|  |TAMS 0x0000000086e00000, 0x0000000086e00000| Untracked 
|  73|0x0000000086f00000, 0x0000000087000000, 0x0000000087000000|100%| O|  |TAMS 0x0000000087000000, 0x0000000086f00000| Untracked 
|  74|0x0000000087000000, 0x0000000087100000, 0x0000000087100000|100%| O|  |TAMS 0x0000000087100000, 0x0000000087000000| Untracked 
|  75|0x0000000087100000, 0x0000000087200000, 0x0000000087200000|100%| O|  |TAMS 0x0000000087200000, 0x0000000087100000| Untracked 
|  76|0x0000000087200000, 0x0000000087300000, 0x0000000087300000|100%| O|  |TAMS 0x0000000087300000, 0x0000000087200000| Untracked 
|  77|0x0000000087300000, 0x0000000087400000, 0x0000000087400000|100%| O|  |TAMS 0x0000000087400000, 0x0000000087300000| Untracked 
|  78|0x0000000087400000, 0x0000000087500000, 0x0000000087500000|100%| O|  |TAMS 0x0000000087500000, 0x0000000087400000| Untracked 
|  79|0x0000000087500000, 0x0000000087600000, 0x0000000087600000|100%| O|  |TAMS 0x0000000087600000, 0x0000000087500000| Untracked 
|  80|0x0000000087600000, 0x0000000087700000, 0x0000000087700000|100%| O|  |TAMS 0x0000000087700000, 0x0000000087600000| Untracked 
|  81|0x0000000087700000, 0x0000000087800000, 0x0000000087800000|100%| O|  |TAMS 0x0000000087800000, 0x0000000087700000| Untracked 
|  82|0x0000000087800000, 0x0000000087900000, 0x0000000087900000|100%| O|  |TAMS 0x0000000087900000, 0x0000000087800000| Untracked 
|  83|0x0000000087900000, 0x0000000087a00000, 0x0000000087a00000|100%| O|  |TAMS 0x0000000087a00000, 0x0000000087900000| Untracked 
|  84|0x0000000087a00000, 0x0000000087b00000, 0x0000000087b00000|100%| O|  |TAMS 0x0000000087b00000, 0x0000000087a00000| Untracked 
|  85|0x0000000087b00000, 0x0000000087c00000, 0x0000000087c00000|100%| O|  |TAMS 0x0000000087c00000, 0x0000000087b00000| Untracked 
|  86|0x0000000087c00000, 0x0000000087d00000, 0x0000000087d00000|100%| O|  |TAMS 0x0000000087d00000, 0x0000000087c00000| Untracked 
|  87|0x0000000087d00000, 0x0000000087e00000, 0x0000000087e00000|100%| O|  |TAMS 0x0000000087d00000, 0x0000000087d00000| Untracked 
|  88|0x0000000087e00000, 0x0000000087f00000, 0x0000000087f00000|100%| O|  |TAMS 0x0000000087f00000, 0x0000000087e00000| Untracked 
|  89|0x0000000087f00000, 0x0000000088000000, 0x0000000088000000|100%| O|  |TAMS 0x0000000088000000, 0x0000000087f00000| Untracked 
|  90|0x0000000088000000, 0x0000000088100000, 0x0000000088100000|100%| O|  |TAMS 0x0000000088100000, 0x0000000088000000| Untracked 
|  91|0x0000000088100000, 0x0000000088200000, 0x0000000088200000|100%| O|  |TAMS 0x0000000088200000, 0x0000000088100000| Untracked 
|  92|0x0000000088200000, 0x0000000088300000, 0x0000000088300000|100%| O|  |TAMS 0x0000000088200000, 0x0000000088200000| Untracked 
|  93|0x0000000088300000, 0x0000000088400000, 0x0000000088400000|100%| O|  |TAMS 0x0000000088400000, 0x0000000088300000| Untracked 
|  94|0x0000000088400000, 0x0000000088500000, 0x0000000088500000|100%| O|  |TAMS 0x0000000088500000, 0x0000000088400000| Untracked 
|  95|0x0000000088500000, 0x0000000088600000, 0x0000000088600000|100%| O|  |TAMS 0x0000000088600000, 0x0000000088500000| Untracked 
|  96|0x0000000088600000, 0x0000000088700000, 0x0000000088700000|100%| O|  |TAMS 0x0000000088700000, 0x0000000088600000| Untracked 
|  97|0x0000000088700000, 0x0000000088800000, 0x0000000088800000|100%| O|  |TAMS 0x0000000088800000, 0x0000000088700000| Untracked 
|  98|0x0000000088800000, 0x0000000088900000, 0x0000000088900000|100%| O|  |TAMS 0x0000000088900000, 0x0000000088800000| Untracked 
|  99|0x0000000088900000, 0x0000000088a00000, 0x0000000088a00000|100%| O|  |TAMS 0x0000000088a00000, 0x0000000088900000| Untracked 
| 100|0x0000000088a00000, 0x0000000088b00000, 0x0000000088b00000|100%| O|  |TAMS 0x0000000088b00000, 0x0000000088a00000| Untracked 
| 101|0x0000000088b00000, 0x0000000088c00000, 0x0000000088c00000|100%| O|  |TAMS 0x0000000088c00000, 0x0000000088b00000| Untracked 
| 102|0x0000000088c00000, 0x0000000088d00000, 0x0000000088d00000|100%| O|  |TAMS 0x0000000088d00000, 0x0000000088c00000| Untracked 
| 103|0x0000000088d00000, 0x0000000088e00000, 0x0000000088e00000|100%| O|  |TAMS 0x0000000088e00000, 0x0000000088d00000| Untracked 
| 104|0x0000000088e00000, 0x0000000088f00000, 0x0000000088f00000|100%| O|  |TAMS 0x0000000088f00000, 0x0000000088e00000| Untracked 
| 105|0x0000000088f00000, 0x0000000089000000, 0x0000000089000000|100%| O|  |TAMS 0x0000000089000000, 0x0000000088f00000| Untracked 
| 106|0x0000000089000000, 0x0000000089100000, 0x0000000089100000|100%| O|  |TAMS 0x0000000089100000, 0x0000000089000000| Untracked 
| 107|0x0000000089100000, 0x0000000089200000, 0x0000000089200000|100%| O|  |TAMS 0x0000000089200000, 0x0000000089100000| Untracked 
| 108|0x0000000089200000, 0x0000000089300000, 0x0000000089300000|100%| O|  |TAMS 0x0000000089200000, 0x0000000089200000| Untracked 
| 109|0x0000000089300000, 0x0000000089400000, 0x0000000089400000|100%| O|  |TAMS 0x0000000089300000, 0x0000000089300000| Untracked 
| 110|0x0000000089400000, 0x0000000089500000, 0x0000000089500000|100%| O|  |TAMS 0x0000000089400000, 0x0000000089400000| Untracked 
| 111|0x0000000089500000, 0x0000000089600000, 0x0000000089600000|100%| O|  |TAMS 0x0000000089500000, 0x0000000089500000| Untracked 
| 112|0x0000000089600000, 0x0000000089700000, 0x0000000089700000|100%| O|  |TAMS 0x0000000089600000, 0x0000000089600000| Untracked 
| 113|0x0000000089700000, 0x0000000089800000, 0x0000000089800000|100%| O|  |TAMS 0x0000000089700000, 0x0000000089700000| Untracked 
| 114|0x0000000089800000, 0x0000000089900000, 0x0000000089900000|100%| O|  |TAMS 0x0000000089800000, 0x0000000089800000| Untracked 
| 115|0x0000000089900000, 0x0000000089a00000, 0x0000000089a00000|100%| O|  |TAMS 0x0000000089900000, 0x0000000089900000| Untracked 
| 116|0x0000000089a00000, 0x0000000089b00000, 0x0000000089b00000|100%| O|  |TAMS 0x0000000089a00000, 0x0000000089a00000| Untracked 
| 117|0x0000000089b00000, 0x0000000089c00000, 0x0000000089c00000|100%| O|  |TAMS 0x0000000089b00000, 0x0000000089b00000| Untracked 
| 118|0x0000000089c00000, 0x0000000089d00000, 0x0000000089d00000|100%| O|  |TAMS 0x0000000089c00000, 0x0000000089c00000| Untracked 
| 119|0x0000000089d00000, 0x0000000089e00000, 0x0000000089e00000|100%| O|  |TAMS 0x0000000089d00000, 0x0000000089d00000| Untracked 
| 120|0x0000000089e00000, 0x0000000089f00000, 0x0000000089f00000|100%| O|  |TAMS 0x0000000089e00000, 0x0000000089e00000| Untracked 
| 121|0x0000000089f00000, 0x000000008a000000, 0x000000008a000000|100%| O|  |TAMS 0x0000000089f00000, 0x0000000089f00000| Untracked 
| 122|0x000000008a000000, 0x000000008a100000, 0x000000008a100000|100%| O|  |TAMS 0x000000008a000000, 0x000000008a000000| Untracked 
| 123|0x000000008a100000, 0x000000008a137200, 0x000000008a200000| 21%| O|  |TAMS 0x000000008a100000, 0x000000008a100000| Untracked 
| 124|0x000000008a200000, 0x000000008a200000, 0x000000008a300000|  0%| F|  |TAMS 0x000000008a200000, 0x000000008a200000| Untracked 
| 125|0x000000008a300000, 0x000000008a300000, 0x000000008a400000|  0%| F|  |TAMS 0x000000008a300000, 0x000000008a300000| Untracked 
| 126|0x000000008a400000, 0x000000008a400000, 0x000000008a500000|  0%| F|  |TAMS 0x000000008a400000, 0x000000008a400000| Untracked 
| 127|0x000000008a500000, 0x000000008a500000, 0x000000008a600000|  0%| F|  |TAMS 0x000000008a500000, 0x000000008a500000| Untracked 
| 128|0x000000008a600000, 0x000000008a600000, 0x000000008a700000|  0%| F|  |TAMS 0x000000008a600000, 0x000000008a600000| Untracked 
| 129|0x000000008a700000, 0x000000008a700000, 0x000000008a800000|  0%| F|  |TAMS 0x000000008a700000, 0x000000008a700000| Untracked 
| 130|0x000000008a800000, 0x000000008a800000, 0x000000008a900000|  0%| F|  |TAMS 0x000000008a800000, 0x000000008a800000| Untracked 
| 131|0x000000008a900000, 0x000000008a900000, 0x000000008aa00000|  0%| F|  |TAMS 0x000000008a900000, 0x000000008a900000| Untracked 
| 132|0x000000008aa00000, 0x000000008aa00000, 0x000000008ab00000|  0%| F|  |TAMS 0x000000008aa00000, 0x000000008aa00000| Untracked 
| 133|0x000000008ab00000, 0x000000008ab00000, 0x000000008ac00000|  0%| F|  |TAMS 0x000000008ab00000, 0x000000008ab00000| Untracked 
| 134|0x000000008ac00000, 0x000000008ac00000, 0x000000008ad00000|  0%| F|  |TAMS 0x000000008ac00000, 0x000000008ac00000| Untracked 
| 135|0x000000008ad00000, 0x000000008ad00000, 0x000000008ae00000|  0%| F|  |TAMS 0x000000008ad00000, 0x000000008ad00000| Untracked 
| 136|0x000000008ae00000, 0x000000008ae00000, 0x000000008af00000|  0%| F|  |TAMS 0x000000008ae00000, 0x000000008ae00000| Untracked 
| 137|0x000000008af00000, 0x000000008af00000, 0x000000008b000000|  0%| F|  |TAMS 0x000000008af00000, 0x000000008af00000| Untracked 
| 138|0x000000008b000000, 0x000000008b000000, 0x000000008b100000|  0%| F|  |TAMS 0x000000008b000000, 0x000000008b000000| Untracked 
| 139|0x000000008b100000, 0x000000008b100000, 0x000000008b200000|  0%| F|  |TAMS 0x000000008b100000, 0x000000008b100000| Untracked 
| 140|0x000000008b200000, 0x000000008b200000, 0x000000008b300000|  0%| F|  |TAMS 0x000000008b200000, 0x000000008b200000| Untracked 
| 141|0x000000008b300000, 0x000000008b300000, 0x000000008b400000|  0%| F|  |TAMS 0x000000008b300000, 0x000000008b300000| Untracked 
| 142|0x000000008b400000, 0x000000008b400000, 0x000000008b500000|  0%| F|  |TAMS 0x000000008b400000, 0x000000008b400000| Untracked 
| 143|0x000000008b500000, 0x000000008b500000, 0x000000008b600000|  0%| F|  |TAMS 0x000000008b500000, 0x000000008b500000| Untracked 
| 144|0x000000008b600000, 0x000000008b600000, 0x000000008b700000|  0%| F|  |TAMS 0x000000008b600000, 0x000000008b600000| Untracked 
| 145|0x000000008b700000, 0x000000008b700000, 0x000000008b800000|  0%| F|  |TAMS 0x000000008b700000, 0x000000008b700000| Untracked 
| 146|0x000000008b800000, 0x000000008b800000, 0x000000008b900000|  0%| F|  |TAMS 0x000000008b800000, 0x000000008b800000| Untracked 
| 147|0x000000008b900000, 0x000000008b900000, 0x000000008ba00000|  0%| F|  |TAMS 0x000000008b900000, 0x000000008b900000| Untracked 
| 148|0x000000008ba00000, 0x000000008bb00000, 0x000000008bb00000|100%| S|CS|TAMS 0x000000008ba00000, 0x000000008ba00000| Complete 
| 149|0x000000008bb00000, 0x000000008bc00000, 0x000000008bc00000|100%| S|CS|TAMS 0x000000008bb00000, 0x000000008bb00000| Complete 
| 150|0x000000008bc00000, 0x000000008bd00000, 0x000000008bd00000|100%| S|CS|TAMS 0x000000008bc00000, 0x000000008bc00000| Complete 
| 151|0x000000008bd00000, 0x000000008be00000, 0x000000008be00000|100%| S|CS|TAMS 0x000000008bd00000, 0x000000008bd00000| Complete 
| 152|0x000000008be00000, 0x000000008bf00000, 0x000000008bf00000|100%| S|CS|TAMS 0x000000008be00000, 0x000000008be00000| Complete 
| 153|0x000000008bf00000, 0x000000008c000000, 0x000000008c000000|100%| S|CS|TAMS 0x000000008bf00000, 0x000000008bf00000| Complete 
| 154|0x000000008c000000, 0x000000008c100000, 0x000000008c100000|100%| S|CS|TAMS 0x000000008c000000, 0x000000008c000000| Complete 
| 155|0x000000008c100000, 0x000000008c100000, 0x000000008c200000|  0%| F|  |TAMS 0x000000008c100000, 0x000000008c100000| Untracked 
| 156|0x000000008c200000, 0x000000008c200000, 0x000000008c300000|  0%| F|  |TAMS 0x000000008c200000, 0x000000008c200000| Untracked 
| 157|0x000000008c300000, 0x000000008c300000, 0x000000008c400000|  0%| F|  |TAMS 0x000000008c300000, 0x000000008c300000| Untracked 
| 158|0x000000008c400000, 0x000000008c400000, 0x000000008c500000|  0%| F|  |TAMS 0x000000008c400000, 0x000000008c400000| Untracked 
| 159|0x000000008c500000, 0x000000008c500000, 0x000000008c600000|  0%| F|  |TAMS 0x000000008c500000, 0x000000008c500000| Untracked 
| 160|0x000000008c600000, 0x000000008c600000, 0x000000008c700000|  0%| F|  |TAMS 0x000000008c600000, 0x000000008c600000| Untracked 
| 161|0x000000008c700000, 0x000000008c700000, 0x000000008c800000|  0%| F|  |TAMS 0x000000008c700000, 0x000000008c700000| Untracked 
| 162|0x000000008c800000, 0x000000008c800000, 0x000000008c900000|  0%| F|  |TAMS 0x000000008c800000, 0x000000008c800000| Untracked 
| 163|0x000000008c900000, 0x000000008c900000, 0x000000008ca00000|  0%| F|  |TAMS 0x000000008c900000, 0x000000008c900000| Untracked 
| 164|0x000000008ca00000, 0x000000008ca00000, 0x000000008cb00000|  0%| F|  |TAMS 0x000000008ca00000, 0x000000008ca00000| Untracked 
| 165|0x000000008cb00000, 0x000000008cb00000, 0x000000008cc00000|  0%| F|  |TAMS 0x000000008cb00000, 0x000000008cb00000| Untracked 
| 166|0x000000008cc00000, 0x000000008cc00000, 0x000000008cd00000|  0%| F|  |TAMS 0x000000008cc00000, 0x000000008cc00000| Untracked 
| 167|0x000000008cd00000, 0x000000008cd00000, 0x000000008ce00000|  0%| F|  |TAMS 0x000000008cd00000, 0x000000008cd00000| Untracked 
| 168|0x000000008ce00000, 0x000000008ce00000, 0x000000008cf00000|  0%| F|  |TAMS 0x000000008ce00000, 0x000000008ce00000| Untracked 
| 169|0x000000008cf00000, 0x000000008cf00000, 0x000000008d000000|  0%| F|  |TAMS 0x000000008cf00000, 0x000000008cf00000| Untracked 
| 170|0x000000008d000000, 0x000000008d000000, 0x000000008d100000|  0%| F|  |TAMS 0x000000008d000000, 0x000000008d000000| Untracked 
| 171|0x000000008d100000, 0x000000008d100000, 0x000000008d200000|  0%| F|  |TAMS 0x000000008d100000, 0x000000008d100000| Untracked 
| 172|0x000000008d200000, 0x000000008d200000, 0x000000008d300000|  0%| F|  |TAMS 0x000000008d200000, 0x000000008d200000| Untracked 
| 173|0x000000008d300000, 0x000000008d300000, 0x000000008d400000|  0%| F|  |TAMS 0x000000008d300000, 0x000000008d300000| Untracked 
| 174|0x000000008d400000, 0x000000008d400000, 0x000000008d500000|  0%| F|  |TAMS 0x000000008d400000, 0x000000008d400000| Untracked 
| 175|0x000000008d500000, 0x000000008d500000, 0x000000008d600000|  0%| F|  |TAMS 0x000000008d500000, 0x000000008d500000| Untracked 
| 176|0x000000008d600000, 0x000000008d600000, 0x000000008d700000|  0%| F|  |TAMS 0x000000008d600000, 0x000000008d600000| Untracked 
| 177|0x000000008d700000, 0x000000008d700000, 0x000000008d800000|  0%| F|  |TAMS 0x000000008d700000, 0x000000008d700000| Untracked 
| 178|0x000000008d800000, 0x000000008d800000, 0x000000008d900000|  0%| F|  |TAMS 0x000000008d800000, 0x000000008d800000| Untracked 
| 179|0x000000008d900000, 0x000000008d900000, 0x000000008da00000|  0%| F|  |TAMS 0x000000008d900000, 0x000000008d900000| Untracked 
| 180|0x000000008da00000, 0x000000008da00000, 0x000000008db00000|  0%| F|  |TAMS 0x000000008da00000, 0x000000008da00000| Untracked 
| 181|0x000000008db00000, 0x000000008db00000, 0x000000008dc00000|  0%| F|  |TAMS 0x000000008db00000, 0x000000008db00000| Untracked 
| 182|0x000000008dc00000, 0x000000008dc00000, 0x000000008dd00000|  0%| F|  |TAMS 0x000000008dc00000, 0x000000008dc00000| Untracked 
| 183|0x000000008dd00000, 0x000000008dd00000, 0x000000008de00000|  0%| F|  |TAMS 0x000000008dd00000, 0x000000008dd00000| Untracked 
| 184|0x000000008de00000, 0x000000008de00000, 0x000000008df00000|  0%| F|  |TAMS 0x000000008de00000, 0x000000008de00000| Untracked 
| 185|0x000000008df00000, 0x000000008df00000, 0x000000008e000000|  0%| F|  |TAMS 0x000000008df00000, 0x000000008df00000| Untracked 
| 186|0x000000008e000000, 0x000000008e000000, 0x000000008e100000|  0%| F|  |TAMS 0x000000008e000000, 0x000000008e000000| Untracked 
| 187|0x000000008e100000, 0x000000008e100000, 0x000000008e200000|  0%| F|  |TAMS 0x000000008e100000, 0x000000008e100000| Untracked 
| 188|0x000000008e200000, 0x000000008e200000, 0x000000008e300000|  0%| F|  |TAMS 0x000000008e200000, 0x000000008e200000| Untracked 
| 189|0x000000008e300000, 0x000000008e300000, 0x000000008e400000|  0%| F|  |TAMS 0x000000008e300000, 0x000000008e300000| Untracked 
| 190|0x000000008e400000, 0x000000008e400000, 0x000000008e500000|  0%| F|  |TAMS 0x000000008e400000, 0x000000008e400000| Untracked 
| 191|0x000000008e500000, 0x000000008e500000, 0x000000008e600000|  0%| F|  |TAMS 0x000000008e500000, 0x000000008e500000| Untracked 
| 192|0x000000008e600000, 0x000000008e600000, 0x000000008e700000|  0%| F|  |TAMS 0x000000008e600000, 0x000000008e600000| Untracked 
| 193|0x000000008e700000, 0x000000008e700000, 0x000000008e800000|  0%| F|  |TAMS 0x000000008e700000, 0x000000008e700000| Untracked 
| 194|0x000000008e800000, 0x000000008e800000, 0x000000008e900000|  0%| F|  |TAMS 0x000000008e800000, 0x000000008e800000| Untracked 
| 195|0x000000008e900000, 0x000000008e900000, 0x000000008ea00000|  0%| F|  |TAMS 0x000000008e900000, 0x000000008e900000| Untracked 
| 196|0x000000008ea00000, 0x000000008ea00000, 0x000000008eb00000|  0%| F|  |TAMS 0x000000008ea00000, 0x000000008ea00000| Untracked 
| 197|0x000000008eb00000, 0x000000008eb00000, 0x000000008ec00000|  0%| F|  |TAMS 0x000000008eb00000, 0x000000008eb00000| Untracked 
| 198|0x000000008ec00000, 0x000000008ec00000, 0x000000008ed00000|  0%| F|  |TAMS 0x000000008ec00000, 0x000000008ec00000| Untracked 
| 199|0x000000008ed00000, 0x000000008ed00000, 0x000000008ee00000|  0%| F|  |TAMS 0x000000008ed00000, 0x000000008ed00000| Untracked 
| 200|0x000000008ee00000, 0x000000008ee00000, 0x000000008ef00000|  0%| F|  |TAMS 0x000000008ee00000, 0x000000008ee00000| Untracked 
| 201|0x000000008ef00000, 0x000000008ef00000, 0x000000008f000000|  0%| F|  |TAMS 0x000000008ef00000, 0x000000008ef00000| Untracked 
| 202|0x000000008f000000, 0x000000008f000000, 0x000000008f100000|  0%| F|  |TAMS 0x000000008f000000, 0x000000008f000000| Untracked 
| 203|0x000000008f100000, 0x000000008f100000, 0x000000008f200000|  0%| F|  |TAMS 0x000000008f100000, 0x000000008f100000| Untracked 
| 204|0x000000008f200000, 0x000000008f200000, 0x000000008f300000|  0%| F|  |TAMS 0x000000008f200000, 0x000000008f200000| Untracked 

Card table byte_map: [0x000001abd9120000,0x000001abd9510000] _byte_map_base: 0x000001abd8d0d000

Marking Bits (Prev, Next): (CMBitMap*) 0x000001abc1f06340, (CMBitMap*) 0x000001abc1f06380
 Prev Bits: [0x000001abd9900000, 0x000001abdb868000)
 Next Bits: [0x000001abdb870000, 0x000001abdd7d8000)

Polling page: 0x000001abbfc30000

Metaspace:

Usage:
  Non-class:     59.62 MB used.
      Class:      7.12 MB used.
       Both:     66.74 MB used.

Virtual space:
  Non-class space:       64.00 MB reserved,      59.81 MB ( 93%) committed,  1 nodes.
      Class space:        1.00 GB reserved,       7.25 MB ( <1%) committed,  1 nodes.
             Both:        1.06 GB reserved,      67.06 MB (  6%) committed. 

Chunk freelists:
   Non-Class:  3.16 MB
       Class:  8.76 MB
        Both:  11.92 MB

MaxMetaspaceSize: unlimited
CompressedClassSpaceSize: 1.00 GB
Initial GC threshold: 21.00 MB
Current GC threshold: 104.50 MB
CDS: on
MetaspaceReclaimPolicy: balanced
 - commit_granule_bytes: 65536.
 - commit_granule_words: 8192.
 - virtual_space_node_default_size: 8388608.
 - enlarge_chunks_in_place: 1.
 - new_chunks_are_fully_committed: 0.
 - uncommit_free_chunks: 1.
 - use_allocation_guard: 0.
 - handle_deallocations: 1.


Internal statistics:

num_allocs_failed_limit: 6.
num_arena_births: 334.
num_arena_deaths: 0.
num_vsnodes_births: 2.
num_vsnodes_deaths: 0.
num_space_committed: 1071.
num_space_uncommitted: 0.
num_chunks_returned_to_freelist: 6.
num_chunks_taken_from_freelist: 2709.
num_chunk_merges: 6.
num_chunk_splits: 2229.
num_chunks_enlarged: 2014.
num_inconsistent_stats: 0.

CodeHeap 'non-profiled nmethods': size=120000Kb used=5866Kb max_used=6010Kb free=114133Kb
 bounds [0x000001abd14d0000, 0x000001abd1ab0000, 0x000001abd8a00000]
CodeHeap 'profiled nmethods': size=120000Kb used=37055Kb max_used=38718Kb free=82944Kb
 bounds [0x000001abc9a00000, 0x000001abcbff0000, 0x000001abd0f30000]
CodeHeap 'non-nmethods': size=5760Kb used=1438Kb max_used=1495Kb free=4321Kb
 bounds [0x000001abd0f30000, 0x000001abd11a0000, 0x000001abd14d0000]
 total_blobs=12851 nmethods=12084 adapters=675
 compilation: enabled
              stopped_count=0, restarted_count=0
 full_count=0

Compilation events (20 events):
Event: 15.710 Thread 0x000001abe0214bb0 nmethod 15617 0x000001abca444110 code [0x000001abca4443a0, 0x000001abca444af8]
Event: 15.710 Thread 0x000001abe0214bb0 15618       2       org.jetbrains.kotlin.ir.util.DeepCopySymbolRemapper::getReferencedReturnTarget (6 bytes)
Event: 15.710 Thread 0x000001abe0214bb0 nmethod 15618 0x000001abcbe02290 code [0x000001abcbe02480, 0x000001abcbe02768]
Event: 15.710 Thread 0x000001abe0214bb0 15619       2       org.jetbrains.kotlin.ir.util.SymbolRemapper$DefaultImpls::getReferencedReturnTarget (15 bytes)
Event: 15.710 Thread 0x000001abe0214bb0 nmethod 15619 0x000001abcbe25910 code [0x000001abcbe25b00, 0x000001abcbe25e08]
Event: 15.710 Thread 0x000001abe0214bb0 15620       2       org.jetbrains.kotlin.ir.util.ReferencedSymbolRemapper$DefaultImpls::getReferencedReturnTarget (60 bytes)
Event: 15.711 Thread 0x000001abe0214bb0 nmethod 15620 0x000001abcbb0d890 code [0x000001abcbb0dac0, 0x000001abcbb0e0c8]
Event: 15.711 Thread 0x000001abe0214bb0 15621       2       org.jetbrains.kotlin.ir.expressions.impl.IrReturnImpl::setAttributeOwnerId (12 bytes)
Event: 15.711 Thread 0x000001abe0214bb0 nmethod 15621 0x000001abcbe6d890 code [0x000001abcbe6da60, 0x000001abcbe6dd78]
Event: 15.711 Thread 0x000001abe0214bb0 15623       2       org.jetbrains.kotlin.ir.expressions.impl.BuildersKt::IrGetFieldImpl (49 bytes)
Event: 15.711 Thread 0x000001abe0214bb0 nmethod 15623 0x000001abcbb0f990 code [0x000001abcbb0fbc0, 0x000001abcbb10168]
Event: 15.711 Thread 0x000001abe0214bb0 15624       2       org.jetbrains.kotlin.ir.expressions.impl.IrGetFieldImpl::<init> (61 bytes)
Event: 15.712 Thread 0x000001abe0214bb0 nmethod 15624 0x000001abcbafe790 code [0x000001abcbafe9c0, 0x000001abcbaff058]
Event: 15.712 Thread 0x000001abe0214bb0 15625       2       org.jetbrains.kotlin.ir.expressions.IrGetField::<init> (5 bytes)
Event: 15.712 Thread 0x000001abe0214bb0 nmethod 15625 0x000001abc9a49c90 code [0x000001abc9a49e20, 0x000001abc9a49f18]
Event: 15.712 Thread 0x000001abe0214bb0 15626       3       androidx.compose.compiler.plugins.kotlin.lower.DeepCopyIrTreeWithRemappedComposableTypes::visitCall (1288 bytes)
Event: 15.719 Thread 0x000001abe0214bb0 nmethod 15626 0x000001abcbfd2c90 code [0x000001abcbfd48c0, 0x000001abcbfe6cf8]
Event: 15.719 Thread 0x000001abe0214bb0 15642       2       java.util.AbstractList::subList (40 bytes)
Event: 15.720 Thread 0x000001abe0214bb0 nmethod 15642 0x000001abcbac3810 code [0x000001abcbac39e0, 0x000001abcbac3d68]
Event: 15.720 Thread 0x000001abe0214bb0 15658       3       org.jetbrains.kotlin.ir.util.DeepCopyIrTreeWithSymbols::visitComposite (247 bytes)

GC Heap History (20 events):
Event: 7.587 GC heap after
{Heap after GC invocations=21 (full 0):
 garbage-first heap   total 189440K, used 73996K [0x0000000082600000, 0x0000000100000000)
  region size 1024K, 2 young (2048K), 2 survivors (2048K)
 Metaspace       used 51131K, committed 51392K, reserved 1114112K
  class space    used 5941K, committed 6080K, reserved 1048576K
}
Event: 8.127 GC heap before
{Heap before GC invocations=21 (full 0):
 garbage-first heap   total 189440K, used 134412K [0x0000000082600000, 0x0000000100000000)
  region size 1024K, 61 young (62464K), 2 survivors (2048K)
 Metaspace       used 51803K, committed 52160K, reserved 1114112K
  class space    used 5975K, committed 6144K, reserved 1048576K
}
Event: 8.136 GC heap after
{Heap after GC invocations=22 (full 0):
 garbage-first heap   total 189440K, used 82944K [0x0000000082600000, 0x0000000100000000)
  region size 1024K, 8 young (8192K), 8 survivors (8192K)
 Metaspace       used 51803K, committed 52160K, reserved 1114112K
  class space    used 5975K, committed 6144K, reserved 1048576K
}
Event: 8.884 GC heap before
{Heap before GC invocations=22 (full 0):
 garbage-first heap   total 189440K, used 140288K [0x0000000082600000, 0x0000000100000000)
  region size 1024K, 64 young (65536K), 8 survivors (8192K)
 Metaspace       used 52270K, committed 52608K, reserved 1114112K
  class space    used 5985K, committed 6144K, reserved 1048576K
}
Event: 8.894 GC heap after
{Heap after GC invocations=23 (full 0):
 garbage-first heap   total 189440K, used 89590K [0x0000000082600000, 0x0000000100000000)
  region size 1024K, 7 young (7168K), 7 survivors (7168K)
 Metaspace       used 52270K, committed 52608K, reserved 1114112K
  class space    used 5985K, committed 6144K, reserved 1048576K
}
Event: 9.555 GC heap before
{Heap before GC invocations=23 (full 0):
 garbage-first heap   total 189440K, used 144886K [0x0000000082600000, 0x0000000100000000)
  region size 1024K, 61 young (62464K), 7 survivors (7168K)
 Metaspace       used 54208K, committed 54528K, reserved 1114112K
  class space    used 6158K, committed 6272K, reserved 1048576K
}
Event: 9.562 GC heap after
{Heap after GC invocations=24 (full 0):
 garbage-first heap   total 189440K, used 94781K [0x0000000082600000, 0x0000000100000000)
  region size 1024K, 5 young (5120K), 5 survivors (5120K)
 Metaspace       used 54208K, committed 54528K, reserved 1114112K
  class space    used 6158K, committed 6272K, reserved 1048576K
}
Event: 10.599 GC heap before
{Heap before GC invocations=24 (full 0):
 garbage-first heap   total 189440K, used 149053K [0x0000000082600000, 0x0000000100000000)
  region size 1024K, 58 young (59392K), 5 survivors (5120K)
 Metaspace       used 56479K, committed 56768K, reserved 1114112K
  class space    used 6283K, committed 6400K, reserved 1048576K
}
Event: 10.608 GC heap after
{Heap after GC invocations=25 (full 0):
 garbage-first heap   total 189440K, used 100605K [0x0000000082600000, 0x0000000100000000)
  region size 1024K, 6 young (6144K), 6 survivors (6144K)
 Metaspace       used 56479K, committed 56768K, reserved 1114112K
  class space    used 6283K, committed 6400K, reserved 1048576K
}
Event: 11.798 GC heap before
{Heap before GC invocations=26 (full 0):
 garbage-first heap   total 189440K, used 150781K [0x0000000082600000, 0x0000000100000000)
  region size 1024K, 56 young (57344K), 6 survivors (6144K)
 Metaspace       used 58711K, committed 59008K, reserved 1114112K
  class space    used 6483K, committed 6656K, reserved 1048576K
}
Event: 11.807 GC heap after
{Heap after GC invocations=27 (full 0):
 garbage-first heap   total 189440K, used 109302K [0x0000000082600000, 0x0000000100000000)
  region size 1024K, 7 young (7168K), 7 survivors (7168K)
 Metaspace       used 58711K, committed 59008K, reserved 1114112K
  class space    used 6483K, committed 6656K, reserved 1048576K
}
Event: 11.867 GC heap before
{Heap before GC invocations=27 (full 0):
 garbage-first heap   total 189440K, used 110326K [0x0000000082600000, 0x0000000100000000)
  region size 1024K, 9 young (9216K), 7 survivors (7168K)
 Metaspace       used 59137K, committed 59392K, reserved 1114112K
  class space    used 6521K, committed 6656K, reserved 1048576K
}
Event: 11.875 GC heap after
{Heap after GC invocations=28 (full 0):
 garbage-first heap   total 189440K, used 109568K [0x0000000082600000, 0x0000000100000000)
  region size 1024K, 1 young (1024K), 1 survivors (1024K)
 Metaspace       used 59137K, committed 59392K, reserved 1114112K
  class space    used 6521K, committed 6656K, reserved 1048576K
}
Event: 13.624 GC heap before
{Heap before GC invocations=28 (full 0):
 garbage-first heap   total 189440K, used 151552K [0x0000000082600000, 0x0000000100000000)
  region size 1024K, 42 young (43008K), 1 survivors (1024K)
 Metaspace       used 63891K, committed 64192K, reserved 1114112K
  class space    used 6927K, committed 7104K, reserved 1048576K
}
Event: 13.632 GC heap after
{Heap after GC invocations=29 (full 0):
 garbage-first heap   total 189440K, used 116094K [0x0000000082600000, 0x0000000100000000)
  region size 1024K, 6 young (6144K), 6 survivors (6144K)
 Metaspace       used 63891K, committed 64192K, reserved 1114112K
  class space    used 6927K, committed 7104K, reserved 1048576K
}
Event: 14.437 GC heap before
{Heap before GC invocations=30 (full 0):
 garbage-first heap   total 209920K, used 150910K [0x0000000082600000, 0x0000000100000000)
  region size 1024K, 40 young (40960K), 6 survivors (6144K)
 Metaspace       used 66513K, committed 66880K, reserved 1114112K
  class space    used 7122K, committed 7296K, reserved 1048576K
}
Event: 14.445 GC heap after
{Heap after GC invocations=31 (full 0):
 garbage-first heap   total 209920K, used 120173K [0x0000000082600000, 0x0000000100000000)
  region size 1024K, 4 young (4096K), 4 survivors (4096K)
 Metaspace       used 66513K, committed 66880K, reserved 1114112K
  class space    used 7122K, committed 7296K, reserved 1048576K
}
Event: 14.480 GC heap before
{Heap before GC invocations=31 (full 0):
 garbage-first heap   total 209920K, used 126317K [0x0000000082600000, 0x0000000100000000)
  region size 1024K, 10 young (10240K), 4 survivors (4096K)
 Metaspace       used 66623K, committed 67008K, reserved 1114112K
  class space    used 7129K, committed 7296K, reserved 1048576K
}
Event: 14.485 GC heap after
{Heap after GC invocations=32 (full 0):
 garbage-first heap   total 209920K, used 119723K [0x0000000082600000, 0x0000000100000000)
  region size 1024K, 1 young (1024K), 1 survivors (1024K)
 Metaspace       used 66623K, committed 67008K, reserved 1114112K
  class space    used 7129K, committed 7296K, reserved 1048576K
}
Event: 15.720 GC heap before
{Heap before GC invocations=32 (full 0):
 garbage-first heap   total 209920K, used 169899K [0x0000000082600000, 0x0000000100000000)
  region size 1024K, 50 young (51200K), 1 survivors (1024K)
 Metaspace       used 68340K, committed 68672K, reserved 1114112K
  class space    used 7289K, committed 7424K, reserved 1048576K
}

Dll operation events (7 events):
Event: 0.012 Loaded shared library C:\Users\user_01\.jdks\ms-17.0.15\bin\java.dll
Event: 0.024 Loaded shared library C:\Users\user_01\.jdks\ms-17.0.15\bin\jsvml.dll
Event: 0.111 Loaded shared library C:\Users\user_01\.jdks\ms-17.0.15\bin\net.dll
Event: 0.119 Loaded shared library C:\Users\user_01\.jdks\ms-17.0.15\bin\nio.dll
Event: 0.130 Loaded shared library C:\Users\user_01\.jdks\ms-17.0.15\bin\zip.dll
Event: 0.145 Loaded shared library C:\Users\user_01\.jdks\ms-17.0.15\bin\jimage.dll
Event: 1.088 Loaded shared library C:\Users\user_01\.jdks\ms-17.0.15\bin\verify.dll

Deoptimization events (20 events):
Event: 15.640 Thread 0x000001abc1eaad10 Uncommon trap: trap_request=0xffffffde fr.pc=0x000001abd185602c relative=0x000000000000010c
Event: 15.640 Thread 0x000001abc1eaad10 Uncommon trap: reason=class_check action=maybe_recompile pc=0x000001abd185602c method=java.util.AbstractList.subList(II)Ljava/util/List; @ 3 c2
Event: 15.640 Thread 0x000001abc1eaad10 DEOPT PACKING pc=0x000001abd185602c sp=0x00000061f27fb5d0
Event: 15.640 Thread 0x000001abc1eaad10 DEOPT UNPACKING pc=0x000001abd0f869a3 sp=0x00000061f27fb558 mode 2
Event: 15.640 Thread 0x000001abc1eaad10 Uncommon trap: trap_request=0xffffffde fr.pc=0x000001abd185602c relative=0x000000000000010c
Event: 15.640 Thread 0x000001abc1eaad10 Uncommon trap: reason=class_check action=maybe_recompile pc=0x000001abd185602c method=java.util.AbstractList.subList(II)Ljava/util/List; @ 3 c2
Event: 15.640 Thread 0x000001abc1eaad10 DEOPT PACKING pc=0x000001abd185602c sp=0x00000061f27fa420
Event: 15.640 Thread 0x000001abc1eaad10 DEOPT UNPACKING pc=0x000001abd0f869a3 sp=0x00000061f27fa3a8 mode 2
Event: 15.659 Thread 0x000001abc1eaad10 Uncommon trap: trap_request=0xffffffde fr.pc=0x000001abd185602c relative=0x000000000000010c
Event: 15.659 Thread 0x000001abc1eaad10 Uncommon trap: reason=class_check action=maybe_recompile pc=0x000001abd185602c method=java.util.AbstractList.subList(II)Ljava/util/List; @ 3 c2
Event: 15.659 Thread 0x000001abc1eaad10 DEOPT PACKING pc=0x000001abd185602c sp=0x00000061f27fa360
Event: 15.659 Thread 0x000001abc1eaad10 DEOPT UNPACKING pc=0x000001abd0f869a3 sp=0x00000061f27fa2e8 mode 2
Event: 15.660 Thread 0x000001abc1eaad10 Uncommon trap: trap_request=0xffffff66 fr.pc=0x000001abd1a8583c relative=0x00000000000000fc
Event: 15.660 Thread 0x000001abc1eaad10 Uncommon trap: reason=speculate_class_check action=maybe_recompile pc=0x000001abd1a8583c method=org.jetbrains.kotlin.fir.backend.Fir2IrClassifierStorage.getCachedIrLocalClass(Lorg/jetbrains/kotlin/fir/declarations/FirClass;)Lorg/jetbrains/kotlin/ir/declar
Event: 15.660 Thread 0x000001abc1eaad10 DEOPT PACKING pc=0x000001abd1a8583c sp=0x00000061f27fcde0
Event: 15.660 Thread 0x000001abc1eaad10 DEOPT UNPACKING pc=0x000001abd0f869a3 sp=0x00000061f27fcd58 mode 2
Event: 15.684 Thread 0x000001abc1eaad10 Uncommon trap: trap_request=0xffffffde fr.pc=0x000001abd185602c relative=0x000000000000010c
Event: 15.684 Thread 0x000001abc1eaad10 Uncommon trap: reason=class_check action=maybe_recompile pc=0x000001abd185602c method=java.util.AbstractList.subList(II)Ljava/util/List; @ 3 c2
Event: 15.684 Thread 0x000001abc1eaad10 DEOPT PACKING pc=0x000001abd185602c sp=0x00000061f27fcb70
Event: 15.684 Thread 0x000001abc1eaad10 DEOPT UNPACKING pc=0x000001abd0f869a3 sp=0x00000061f27fcaf8 mode 2

Classes loaded (20 events):
Event: 6.402 Loading class java/util/EnumMap$EntrySet
Event: 6.403 Loading class java/util/EnumMap$EntrySet done
Event: 6.403 Loading class java/util/EnumMap$EntryIterator
Event: 6.403 Loading class java/util/EnumMap$EnumMapIterator
Event: 6.403 Loading class java/util/EnumMap$EnumMapIterator done
Event: 6.403 Loading class java/util/EnumMap$EntryIterator done
Event: 6.403 Loading class java/util/EnumMap$EntryIterator$Entry
Event: 6.404 Loading class java/util/EnumMap$EntryIterator$Entry done
Event: 7.442 Loading class java/lang/Byte$ByteCache
Event: 7.442 Loading class java/lang/Byte$ByteCache done
Event: 7.516 Loading class java/util/RegularEnumSet$EnumSetIterator
Event: 7.516 Loading class java/util/RegularEnumSet$EnumSetIterator done
Event: 7.850 Loading class java/lang/Short$ShortCache
Event: 7.850 Loading class java/lang/Short$ShortCache done
Event: 9.551 Loading class java/text/MessageFormat
Event: 9.552 Loading class java/text/MessageFormat done
Event: 9.582 Loading class java/text/ChoiceFormat
Event: 9.583 Loading class java/text/ChoiceFormat done
Event: 14.649 Loading class java/util/Formatter$FixedString
Event: 14.661 Loading class java/util/Formatter$FixedString done

Classes unloaded (0 events):
No events

Classes redefined (0 events):
No events

Internal exceptions (20 events):
Event: 10.688 Thread 0x000001abc1eaad10 Exception <a 'java/lang/NoSuchMethodError'{0x000000008dc8e788}: 'java.lang.Object java.lang.invoke.DirectMethodHandle$Holder.invokeSpecial(java.lang.Object, java.lang.Object, java.lang.Object, int, java.lang.Object, java.lang.Object, java.lang.Object)'> (0x000000008dc8e788) 
thrown [s\src\hotspot\share\interpreter\linkResolver.cpp, line 759]
Event: 10.688 Thread 0x000001abc1eaad10 Exception <a 'java/lang/NoSuchMethodError'{0x000000008dc92068}: 'java.lang.Object java.lang.invoke.Invokers$Holder.linkToTargetMethod(java.lang.Object, int, java.lang.Object, java.lang.Object, java.lang.Object, java.lang.Object)'> (0x000000008dc92068) 
thrown [s\src\hotspot\share\interpreter\linkResolver.cpp, line 759]
Event: 11.398 Thread 0x000001abc1eaad10 Implicit null exception at 0x000001abd1681af5 to 0x000001abd16821fc
Event: 11.399 Thread 0x000001abc1eaad10 Implicit null exception at 0x000001abd16454f2 to 0x000001abd1645bf8
Event: 11.829 Thread 0x000001abc1eaad10 Exception <a 'java/lang/NoSuchMethodError'{0x000000008dec2488}: 'java.lang.Object java.lang.invoke.DirectMethodHandle$Holder.invokeStatic(java.lang.Object, java.lang.Object, int)'> (0x000000008dec2488) 
thrown [s\src\hotspot\share\interpreter\linkResolver.cpp, line 759]
Event: 13.046 Thread 0x000001abc1eaad10 Exception <a 'java/lang/NoSuchMethodError'{0x000000008d5ecbc8}: 'java.lang.Object java.lang.invoke.DirectMethodHandle$Holder.newInvokeSpecial(java.lang.Object, java.lang.Object, java.lang.Object, java.lang.Object, java.lang.Object, java.lang.Object, java.lang.Object, java.lang.Object, int)'> (0x000000008d5ecbc8) 
thrown [s\src\hotspot\share\interpreter\linkResolver.cpp, line 759]
Event: 13.046 Thread 0x000001abc1eaad10 Exception <a 'java/lang/NoSuchMethodError'{0x000000008d5f23d8}: 'java.lang.Object java.lang.invoke.DirectMethodHandle$Holder.invokeSpecial(java.lang.Object, java.lang.Object, java.lang.Object, java.lang.Object, java.lang.Object, java.lang.Object, java.lang.Object, java.lang.Object, java.lang.Object, int)'> (0x000000008d5f23d8) 
thrown [s\src\hotspot\share\interpreter\linkResolver.cpp, line 759]
Event: 13.223 Thread 0x000001abc1eaad10 Exception <a 'java/lang/NoSuchMethodError'{0x000000008d23e9b0}: 'java.lang.Object java.lang.invoke.DirectMethodHandle$Holder.invokeStatic(java.lang.Object, java.lang.Object, int, int)'> (0x000000008d23e9b0) 
thrown [s\src\hotspot\share\interpreter\linkResolver.cpp, line 759]
Event: 13.223 Thread 0x000001abc1eaad10 Exception <a 'java/lang/NoSuchMethodError'{0x000000008d246218}: 'java.lang.Object java.lang.invoke.DirectMethodHandle$Holder.newInvokeSpecial(java.lang.Object, java.lang.Object, int, int)'> (0x000000008d246218) 
thrown [s\src\hotspot\share\interpreter\linkResolver.cpp, line 759]
Event: 13.223 Thread 0x000001abc1eaad10 Exception <a 'java/lang/NoSuchMethodError'{0x000000008d24a730}: 'java.lang.Object java.lang.invoke.DirectMethodHandle$Holder.invokeSpecial(java.lang.Object, java.lang.Object, java.lang.Object, int, int)'> (0x000000008d24a730) 
thrown [s\src\hotspot\share\interpreter\linkResolver.cpp, line 759]
Event: 13.223 Thread 0x000001abc1eaad10 Exception <a 'java/lang/NoSuchMethodError'{0x000000008d24e5a8}: 'java.lang.Object java.lang.invoke.Invokers$Holder.linkToTargetMethod(java.lang.Object, int, int, java.lang.Object)'> (0x000000008d24e5a8) 
thrown [s\src\hotspot\share\interpreter\linkResolver.cpp, line 759]
Event: 13.251 Thread 0x000001abc1eaad10 Exception <a 'java/lang/NoSuchMethodError'{0x000000008d11a7f0}: 'java.lang.Object java.lang.invoke.DirectMethodHandle$Holder.newInvokeSpecial(java.lang.Object, java.lang.Object, java.lang.Object, java.lang.Object, java.lang.Object, java.lang.Object, java.lang.Object, int)'> (0x000000008d11a7f0) 
thrown [s\src\hotspot\share\interpreter\linkResolver.cpp, line 759]
Event: 13.251 Thread 0x000001abc1eaad10 Exception <a 'java/lang/NoSuchMethodError'{0x000000008d11f8f8}: 'java.lang.Object java.lang.invoke.DirectMethodHandle$Holder.invokeSpecial(java.lang.Object, java.lang.Object, java.lang.Object, java.lang.Object, java.lang.Object, java.lang.Object, java.lang.Object, java.lang.Object, int)'> (0x000000008d11f8f8) 
thrown [s\src\hotspot\share\interpreter\linkResolver.cpp, line 759]
Event: 14.432 Thread 0x000001abc1eaad10 Exception <a 'java/lang/NoSuchMethodError'{0x000000008d17b360}: 'java.lang.Object java.lang.invoke.DirectMethodHandle$Holder.invokeStatic(java.lang.Object, java.lang.Object, int, java.lang.Object, java.lang.Object)'> (0x000000008d17b360) 
thrown [s\src\hotspot\share\interpreter\linkResolver.cpp, line 759]
Event: 14.432 Thread 0x000001abc1eaad10 Exception <a 'java/lang/NoSuchMethodError'{0x000000008d183ff0}: 'java.lang.Object java.lang.invoke.DirectMethodHandle$Holder.newInvokeSpecial(java.lang.Object, java.lang.Object, int, java.lang.Object, java.lang.Object)'> (0x000000008d183ff0) 
thrown [s\src\hotspot\share\interpreter\linkResolver.cpp, line 759]
Event: 14.433 Thread 0x000001abc1eaad10 Exception <a 'java/lang/NoSuchMethodError'{0x000000008d188cd0}: 'java.lang.Object java.lang.invoke.DirectMethodHandle$Holder.invokeSpecial(java.lang.Object, java.lang.Object, java.lang.Object, int, java.lang.Object, java.lang.Object)'> (0x000000008d188cd0) 
thrown [s\src\hotspot\share\interpreter\linkResolver.cpp, line 759]
Event: 14.433 Thread 0x000001abc1eaad10 Exception <a 'java/lang/NoSuchMethodError'{0x000000008d18cf70}: 'java.lang.Object java.lang.invoke.Invokers$Holder.linkToTargetMethod(java.lang.Object, int, java.lang.Object, java.lang.Object, java.lang.Object)'> (0x000000008d18cf70) 
thrown [s\src\hotspot\share\interpreter\linkResolver.cpp, line 759]
Event: 15.481 Thread 0x000001abc1eaad10 Exception <a 'java/lang/NoSuchMethodError'{0x000000008d017980}: 'java.lang.Object java.lang.invoke.DirectMethodHandle$Holder.invokeStatic(java.lang.Object, java.lang.Object, java.lang.Object, java.lang.Object, java.lang.Object, java.lang.Object, int, java.lang.Object)'> (0x000000008d017980) 
thrown [s\src\hotspot\share\interpreter\linkResolver.cpp, line 759]
Event: 15.481 Thread 0x000001abc1eaad10 Exception <a 'java/lang/NoSuchMethodError'{0x000000008d0233f8}: 'java.lang.Object java.lang.invoke.DirectMethodHandle$Holder.newInvokeSpecial(java.lang.Object, java.lang.Object, java.lang.Object, java.lang.Object, java.lang.Object, java.lang.Object, int)'> (0x000000008d0233f8) 
thrown [s\src\hotspot\share\interpreter\linkResolver.cpp, line 759]
Event: 15.482 Thread 0x000001abc1eaad10 Exception <a 'java/lang/NoSuchMethodError'{0x000000008d028550}: 'java.lang.Object java.lang.invoke.DirectMethodHandle$Holder.invokeSpecial(java.lang.Object, java.lang.Object, java.lang.Object, java.lang.Object, java.lang.Object, java.lang.Object, java.lang.Object, int)'> (0x000000008d028550) 
thrown [s\src\hotspot\share\interpreter\linkResolver.cpp, line 759]

VM Operations (20 events):
Event: 15.330 Executing VM operation: HandshakeAllThreads done
Event: 15.391 Executing VM operation: ICBufferFull
Event: 15.391 Executing VM operation: ICBufferFull done
Event: 15.563 Executing VM operation: HandshakeAllThreads
Event: 15.563 Executing VM operation: HandshakeAllThreads done
Event: 15.580 Executing VM operation: ICBufferFull
Event: 15.580 Executing VM operation: ICBufferFull done
Event: 15.587 Executing VM operation: HandshakeAllThreads
Event: 15.587 Executing VM operation: HandshakeAllThreads done
Event: 15.605 Executing VM operation: HandshakeAllThreads
Event: 15.605 Executing VM operation: HandshakeAllThreads done
Event: 15.609 Executing VM operation: HandshakeAllThreads
Event: 15.609 Executing VM operation: HandshakeAllThreads done
Event: 15.620 Executing VM operation: HandshakeAllThreads
Event: 15.620 Executing VM operation: HandshakeAllThreads done
Event: 15.623 Executing VM operation: ICBufferFull
Event: 15.628 Executing VM operation: ICBufferFull done
Event: 15.680 Executing VM operation: ICBufferFull
Event: 15.680 Executing VM operation: ICBufferFull done
Event: 15.720 Executing VM operation: G1CollectForAllocation

Memory protections (0 events):
No events

Nmethod flushes (20 events):
Event: 15.633 Thread 0x000001abe0221c70 flushing  nmethod 0x000001abcbe02290
Event: 15.633 Thread 0x000001abe0221c70 flushing  nmethod 0x000001abcbe03390
Event: 15.633 Thread 0x000001abe0221c70 flushing  nmethod 0x000001abcbe03a90
Event: 15.633 Thread 0x000001abe0221c70 flushing  nmethod 0x000001abcbe04c90
Event: 15.633 Thread 0x000001abe0221c70 flushing  nmethod 0x000001abcbe06010
Event: 15.633 Thread 0x000001abe0221c70 flushing  nmethod 0x000001abcbe25910
Event: 15.633 Thread 0x000001abe0221c70 flushing  nmethod 0x000001abcbe26f90
Event: 15.633 Thread 0x000001abe0221c70 flushing  nmethod 0x000001abcbe42010
Event: 15.633 Thread 0x000001abe0221c70 flushing  nmethod 0x000001abcbe42410
Event: 15.633 Thread 0x000001abe0221c70 flushing  nmethod 0x000001abcbe52f90
Event: 15.633 Thread 0x000001abe0221c70 flushing  nmethod 0x000001abcbe61590
Event: 15.633 Thread 0x000001abe0221c70 flushing  nmethod 0x000001abcbe63890
Event: 15.633 Thread 0x000001abe0221c70 flushing  nmethod 0x000001abcbe6bc10
Event: 15.633 Thread 0x000001abe0221c70 flushing  nmethod 0x000001abcbe6c310
Event: 15.633 Thread 0x000001abe0221c70 flushing  nmethod 0x000001abcbe6ca90
Event: 15.633 Thread 0x000001abe0221c70 flushing  nmethod 0x000001abcbe6d890
Event: 15.633 Thread 0x000001abe0221c70 flushing  nmethod 0x000001abcbe71710
Event: 15.633 Thread 0x000001abe0221c70 flushing  nmethod 0x000001abcbe7c810
Event: 15.633 Thread 0x000001abe0221c70 flushing  nmethod 0x000001abcbe88910
Event: 15.633 Thread 0x000001abe0221c70 flushing  nmethod 0x000001abcbe89710

Events (18 events):
Event: 0.024 Thread 0x000001abc1eaad10 Thread added: 0x000001abc1eaad10
Event: 0.026 Thread 0x000001abc1eaad10 Thread added: 0x000001abe01efd00
Event: 0.026 Thread 0x000001abc1eaad10 Thread added: 0x000001abe01f0b80
Event: 0.032 Thread 0x000001abc1eaad10 Thread added: 0x000001abe0206630
Event: 0.032 Thread 0x000001abc1eaad10 Thread added: 0x000001abe020a020
Event: 0.032 Thread 0x000001abc1eaad10 Thread added: 0x000001abe020e600
Event: 0.032 Thread 0x000001abc1eaad10 Thread added: 0x000001abe020ebd0
Event: 0.032 Thread 0x000001abc1eaad10 Thread added: 0x000001abe02144f0
Event: 0.032 Thread 0x000001abc1eaad10 Thread added: 0x000001abe0214bb0
Event: 0.032 Thread 0x000001abc1eaad10 Thread added: 0x000001abe0221c70
Event: 0.108 Thread 0x000001abc1eaad10 Thread added: 0x000001abe0350cd0
Event: 0.109 Thread 0x000001abc1eaad10 Thread added: 0x000001abe0359c90
Event: 0.126 Thread 0x000001abe02144f0 Thread added: 0x000001abe0394750
Event: 0.361 Thread 0x000001abe0394750 Thread exited: 0x000001abe0394750
Event: 0.731 Thread 0x000001abe02144f0 Thread added: 0x000001abe099e580
Event: 1.502 Thread 0x000001abe099e580 Thread exited: 0x000001abe099e580
Event: 1.546 Thread 0x000001abe0214bb0 Thread added: 0x000001ac261b8720
Event: 2.723 Thread 0x000001ac261b8720 Thread exited: 0x000001ac261b8720


Dynamic libraries:
0x00007ff69c580000 - 0x00007ff69c58e000 	C:\Users\user_01\.jdks\ms-17.0.15\bin\java.exe
0x00007ff8b08d0000 - 0x00007ff8b0ac8000 	C:\Windows\SYSTEM32\ntdll.dll
0x00007ff8aeaa0000 - 0x00007ff8aeb62000 	C:\Windows\System32\KERNEL32.DLL
0x00007ff8ae0f0000 - 0x00007ff8ae3e6000 	C:\Windows\System32\KERNELBASE.dll
0x00007ff8ae740000 - 0x00007ff8ae840000 	C:\Windows\System32\ucrtbase.dll
0x00007ff891180000 - 0x00007ff891197000 	C:\Users\user_01\.jdks\ms-17.0.15\bin\jli.dll
0x00007ff890f80000 - 0x00007ff890f9d000 	C:\Users\user_01\.jdks\ms-17.0.15\bin\VCRUNTIME140.dll
0x00007ff8b0450000 - 0x00007ff8b05ed000 	C:\Windows\System32\USER32.dll
0x00007ff89abe0000 - 0x00007ff89ae7a000 	C:\Windows\WinSxS\amd64_microsoft.windows.common-controls_6595b64144ccf1df_6.0.19041.5915_none_60b4b9d171f9c7c7\COMCTL32.dll
0x00007ff8adf60000 - 0x00007ff8adf82000 	C:\Windows\System32\win32u.dll
0x00007ff8b0380000 - 0x00007ff8b041e000 	C:\Windows\System32\msvcrt.dll
0x00007ff8b0420000 - 0x00007ff8b044b000 	C:\Windows\System32\GDI32.dll
0x00007ff8ae440000 - 0x00007ff8ae559000 	C:\Windows\System32\gdi32full.dll
0x00007ff8adf90000 - 0x00007ff8ae02d000 	C:\Windows\System32\msvcp_win.dll
0x00007ff8af4e0000 - 0x00007ff8af50f000 	C:\Windows\System32\IMM32.DLL
0x00007ff8aad10000 - 0x00007ff8aad1c000 	C:\Users\user_01\.jdks\ms-17.0.15\bin\vcruntime140_1.dll
0x00007ff886e50000 - 0x00007ff886edd000 	C:\Users\user_01\.jdks\ms-17.0.15\bin\msvcp140.dll
0x00007ff86fb10000 - 0x00007ff870782000 	C:\Users\user_01\.jdks\ms-17.0.15\bin\server\jvm.dll
0x00007ff8b02c0000 - 0x00007ff8b0371000 	C:\Windows\System32\ADVAPI32.dll
0x00007ff8af430000 - 0x00007ff8af4cf000 	C:\Windows\System32\sechost.dll
0x00007ff8aee90000 - 0x00007ff8aefb3000 	C:\Windows\System32\RPCRT4.dll
0x00007ff8ae0c0000 - 0x00007ff8ae0e7000 	C:\Windows\System32\bcrypt.dll
0x00007ff8b06a0000 - 0x00007ff8b070b000 	C:\Windows\System32\WS2_32.dll
0x00007ff8ad4f0000 - 0x00007ff8ad53b000 	C:\Windows\SYSTEM32\POWRPROF.dll
0x00007ff8a4240000 - 0x00007ff8a4267000 	C:\Windows\SYSTEM32\WINMM.dll
0x00007ff8abd90000 - 0x00007ff8abd9a000 	C:\Windows\SYSTEM32\VERSION.dll
0x00007ff8ad360000 - 0x00007ff8ad372000 	C:\Windows\SYSTEM32\UMPDC.dll
0x00007ff8ac790000 - 0x00007ff8ac7a2000 	C:\Windows\SYSTEM32\kernel.appcore.dll
0x00007ff8a8650000 - 0x00007ff8a865a000 	C:\Users\user_01\.jdks\ms-17.0.15\bin\jimage.dll
0x00007ff8a38a0000 - 0x00007ff8a3aa1000 	C:\Windows\SYSTEM32\DBGHELP.DLL
0x00007ff8909e0000 - 0x00007ff890a14000 	C:\Windows\SYSTEM32\dbgcore.DLL
0x00007ff8ae030000 - 0x00007ff8ae0b2000 	C:\Windows\System32\bcryptPrimitives.dll
0x00007ff888cb0000 - 0x00007ff888cd5000 	C:\Users\user_01\.jdks\ms-17.0.15\bin\java.dll
0x00007ff881700000 - 0x00007ff8817d6000 	C:\Users\user_01\.jdks\ms-17.0.15\bin\jsvml.dll
0x00007ff8af510000 - 0x00007ff8afc7e000 	C:\Windows\System32\SHELL32.dll
0x00007ff8abfe0000 - 0x00007ff8ac784000 	C:\Windows\SYSTEM32\windows.storage.dll
0x00007ff8afe50000 - 0x00007ff8b01a3000 	C:\Windows\System32\combase.dll
0x00007ff8ad990000 - 0x00007ff8ad9bb000 	C:\Windows\SYSTEM32\Wldp.dll
0x00007ff8afc80000 - 0x00007ff8afd4d000 	C:\Windows\System32\OLEAUT32.dll
0x00007ff8b05f0000 - 0x00007ff8b069d000 	C:\Windows\System32\SHCORE.dll
0x00007ff8afdf0000 - 0x00007ff8afe4b000 	C:\Windows\System32\shlwapi.dll
0x00007ff8ade90000 - 0x00007ff8adeb5000 	C:\Windows\SYSTEM32\profapi.dll
0x00007ff889a50000 - 0x00007ff889a6a000 	C:\Users\user_01\.jdks\ms-17.0.15\bin\net.dll
0x00007ff8a7ad0000 - 0x00007ff8a7bda000 	C:\Windows\SYSTEM32\WINHTTP.dll
0x00007ff8ad6f0000 - 0x00007ff8ad75a000 	C:\Windows\system32\mswsock.dll
0x00007ff888c90000 - 0x00007ff888ca6000 	C:\Users\user_01\.jdks\ms-17.0.15\bin\nio.dll
0x00007ff889f60000 - 0x00007ff889f78000 	C:\Users\user_01\.jdks\ms-17.0.15\bin\zip.dll
0x00007ff89f7a0000 - 0x00007ff89f7b0000 	C:\Users\user_01\.jdks\ms-17.0.15\bin\verify.dll

dbghelp: loaded successfully - version: 4.0.5 - missing functions: none
symbol engine: initialized successfully - sym options: 0x614 - pdb path: .;C:\Users\user_01\.jdks\ms-17.0.15\bin;C:\Windows\SYSTEM32;C:\Windows\WinSxS\amd64_microsoft.windows.common-controls_6595b64144ccf1df_6.0.19041.5915_none_60b4b9d171f9c7c7;C:\Users\user_01\.jdks\ms-17.0.15\bin\server

VM Arguments:
java_command: org.jetbrains.kotlin.cli.jvm.K2JVMCompiler @C:\Users\user_01\AndroidStudioProjects\Tracker\app\build\20250626_6239463970653866513.compiler.options
java_class_path (initial): C:\Users\user_01\.gradle\caches\modules-2\files-2.1\org.jetbrains.kotlin\kotlin-compiler-embeddable\2.0.21\79346ed53db48b18312a472602eb5c057070c54d\kotlin-compiler-embeddable-2.0.21.jar;C:\Users\user_01\.gradle\caches\modules-2\files-2.1\org.jetbrains.kotlin\kotlin-stdlib\2.0.21\618b539767b4899b4660a83006e052b63f1db551\kotlin-stdlib-2.0.21.jar;C:\Users\user_01\.gradle\caches\modules-2\files-2.1\org.jetbrains.kotlin\kotlin-script-runtime\2.0.21\c9b044380ad41f89aa89aa896c2d32a8c0b2129d\kotlin-script-runtime-2.0.21.jar;C:\Users\user_01\.gradle\caches\modules-2\files-2.1\org.jetbrains.kotlin\kotlin-reflect\1.6.10\1cbe9c92c12a94eea200d23c2bbaedaf3daf5132\kotlin-reflect-1.6.10.jar;C:\Users\user_01\.gradle\caches\modules-2\files-2.1\org.jetbrains.kotlin\kotlin-daemon-embeddable\2.0.21\c9e933b23287de9b5a17e2116b4657bb91aea72c\kotlin-daemon-embeddable-2.0.21.jar;C:\Users\user_01\.gradle\caches\modules-2\files-2.1\org.jetbrains.intellij.deps\trove4j\1.0.20200330\3afb14d5f9ceb459d724e907a21145e8ff394f02\trove4j-1.0.20200330.jar;C:\Users\user_01\.gradle\caches\modules-2\files-2.1\org.jetbrains.kotlinx\kotlinx-coroutines-core-jvm\1.6.4\2c997cd1c0ef33f3e751d3831929aeff1390cb30\kotlinx-coroutines-core-jvm-1.6.4.jar;C:\Users\user_01\.gradle\caches\modules-2\files-2.1\org.jetbrains\annotations\13.0\919f0dfe192fb4e063e7dacadee7f8bb9a2672a9\annotations-13.0.jar
Launcher Type: SUN_STANDARD

[Global flags]
     intx CICompilerCount                          = 4                                         {product} {ergonomic}
     uint ConcGCThreads                            = 2                                         {product} {ergonomic}
     uint G1ConcRefinementThreads                  = 8                                         {product} {ergonomic}
   size_t G1HeapRegionSize                         = 1048576                                   {product} {ergonomic}
    uintx GCDrainStackTargetSize                   = 64                                        {product} {ergonomic}
   size_t InitialHeapSize                          = 132120576                                 {product} {ergonomic}
   size_t MarkStackSize                            = 4194304                                   {product} {ergonomic}
   size_t MaxHeapSize                              = 2107637760                                {product} {ergonomic}
   size_t MaxNewSize                               = 1264582656                                {product} {ergonomic}
   size_t MinHeapDeltaBytes                        = 1048576                                   {product} {ergonomic}
   size_t MinHeapSize                              = 8388608                                   {product} {ergonomic}
    uintx NonNMethodCodeHeapSize                   = 5839372                                {pd product} {ergonomic}
    uintx NonProfiledCodeHeapSize                  = 122909434                              {pd product} {ergonomic}
    uintx ProfiledCodeHeapSize                     = 122909434                              {pd product} {ergonomic}
    uintx ReservedCodeCacheSize                    = 251658240                              {pd product} {ergonomic}
     bool SegmentedCodeCache                       = true                                      {product} {ergonomic}
   size_t SoftMaxHeapSize                          = 2107637760                             {manageable} {ergonomic}
     bool UseCompressedClassPointers               = true                           {product lp64_product} {ergonomic}
     bool UseCompressedOops                        = true                           {product lp64_product} {ergonomic}
     bool UseG1GC                                  = true                                      {product} {ergonomic}
     bool UseLargePagesIndividualAllocation        = false                                  {pd product} {ergonomic}

Logging:
Log output configuration:
 #0: stdout all=warning uptime,level,tags
 #1: stderr all=off uptime,level,tags

Environment Variables:
PATH=C:\Program Files\Microsoft\jdk-11.0.16.101-hotspot\bin;C:\Windows\system32;C:\Windows;C:\Windows\System32\Wbem;C:\Windows\System32\WindowsPowerShell\v1.0\;C:\Windows\System32\OpenSSH\;C:\Program Files\NVIDIA Corporation\NVIDIA NvDLISR;C:\Program Files (x86)\NVIDIA Corporation\PhysX\Common;C:\Program Files (x86)\Windows Kits\10\Windows Performance Toolkit\;C:\Program Files\nodejs\;C:\Program Files\Git\cmd;C:\Users\user_01\AppData\Local\Microsoft\WindowsApps;C:\Users\user_01\AppData\Roaming\npm;C:\Users\user_01\AppData\Local\Programs\cursor\resources\app\bin
USERNAME=user_01
OS=Windows_NT
PROCESSOR_IDENTIFIER=Intel64 Family 6 Model 151 Stepping 5, GenuineIntel
TMP=C:\Users\user_01\AppData\Local\Temp
TEMP=C:\Users\user_01\AppData\Local\Temp



Periodic native trim disabled


---------------  S Y S T E M  ---------------

OS:
 Windows 10 , 64 bit Build 19041 (10.0.19041.5915)
OS uptime: 1 days 2:45 hours

CPU: total 8 (initial active 8) (4 cores per cpu, 2 threads per core) family 6 model 151 stepping 5 microcode 0x1a, cx8, cmov, fxsr, ht, mmx, 3dnowpref, sse, sse2, sse3, ssse3, sse4.1, sse4.2, popcnt, lzcnt, tsc, tscinvbit, avx, avx2, aes, erms, clmul, bmi1, bmi2, adx, sha, fma, vzeroupper, clflush, clflushopt, clwb
Processor Information for the first 8 processors :
  Max Mhz: 3300, Current Mhz: 3300, Mhz Limit: 3300

Memory: 4k page, system-wide physical 8035M (429M free)
TotalPageFile size 32611M (AvailPageFile size 4785M)
current process WorkingSet (physical memory assigned to process): 396M, peak: 437M
current process commit charge ("private bytes"): 462M, peak: 837M

vm_info: OpenJDK 64-Bit Server VM (17.0.15+6-LTS) for windows-amd64 JRE (17.0.15+6-LTS), built on Apr  9 2025 22:27:25 by "MicrosoftCorporation" with unknown MS VC++:1939

END.
